[18-Nov-2024 23:28:19 Asia/Seoul] 직급수당 계산 오류 (2024-11-13): 해당 일자의 매출이 없습니다: 2024-11-13
[18-Nov-2024 23:28:19 Asia/Seoul] 해당 일자의 매출이 없습니다: 2024-11-13
[18-Nov-2024 23:28:19 Asia/Seoul] 회사 통계 저장 완료: 2024-11-13
[18-Nov-2024 23:28:19 Asia/Seoul] 직급수당 계산 오류 (2024-11-14): 해당 일자의 매출이 없습니다: 2024-11-14
[18-Nov-2024 23:28:19 Asia/Seoul] 해당 일자의 매출이 없습니다: 2024-11-14
[18-Nov-2024 23:28:19 Asia/Seoul] 회사 통계 저장 완료: 2024-11-14
[18-Nov-2024 23:28:19 Asia/Seoul] 직급수당 계산 오류 (2024-11-15): 해당 일자의 매출이 없습니다: 2024-11-15
[18-Nov-2024 23:28:19 Asia/Seoul] 해당 일자의 매출이 없습니다: 2024-11-15
[18-Nov-2024 23:28:19 Asia/Seoul] 회사 통계 저장 완료: 2024-11-15
[18-Nov-2024 23:35:16 Asia/Seoul] 직급수당 계산 오류 (2024-11-13): 해당 일자의 매출이 없습니다: 2024-11-13
[18-Nov-2024 23:35:16 Asia/Seoul] 해당 일자의 매출이 없습니다: 2024-11-13
[18-Nov-2024 23:35:16 Asia/Seoul] 이미 처리된 날짜: 2024-11-13
[18-Nov-2024 23:35:16 Asia/Seoul] 직급수당 계산 오류 (2024-11-14): 해당 일자의 매출이 없습니다: 2024-11-14
[18-Nov-2024 23:35:16 Asia/Seoul] 해당 일자의 매출이 없습니다: 2024-11-14
[18-Nov-2024 23:35:16 Asia/Seoul] 이미 처리된 날짜: 2024-11-14
[18-Nov-2024 23:35:16 Asia/Seoul] 직급수당 계산 오류 (2024-11-15): 해당 일자의 매출이 없습니다: 2024-11-15
[18-Nov-2024 23:35:16 Asia/Seoul] 해당 일자의 매출이 없습니다: 2024-11-15
[18-Nov-2024 23:35:16 Asia/Seoul] 이미 처리된 날짜: 2024-11-15
[26-Nov-2024 23:37:21 Asia/Seoul] 직급수당 계산 오류 (2024-11-01): 해당 일자의 매출이 없습니다: 2024-11-01
[26-Nov-2024 23:37:21 Asia/Seoul] 해당 일자의 매출이 없습니다: 2024-11-01
[26-Nov-2024 23:37:21 Asia/Seoul] 회사 통계 저장 완료: 2024-11-01
[26-Nov-2024 23:37:21 Asia/Seoul] 직급수당 계산 오류 (2024-11-02): 해당 일자의 매출이 없습니다: 2024-11-02
[26-Nov-2024 23:37:21 Asia/Seoul] 해당 일자의 매출이 없습니다: 2024-11-02
[26-Nov-2024 23:37:21 Asia/Seoul] 회사 통계 저장 완료: 2024-11-02
[26-Nov-2024 23:37:21 Asia/Seoul] 직급수당 계산 오류 (2024-11-03): 해당 일자의 매출이 없습니다: 2024-11-03
[26-Nov-2024 23:37:21 Asia/Seoul] 해당 일자의 매출이 없습니다: 2024-11-03
[26-Nov-2024 23:37:21 Asia/Seoul] 회사 통계 저장 완료: 2024-11-03
[26-Nov-2024 23:37:21 Asia/Seoul] 직급수당 계산 오류 (2024-11-04): 해당 일자의 매출이 없습니다: 2024-11-04
[26-Nov-2024 23:37:21 Asia/Seoul] 해당 일자의 매출이 없습니다: 2024-11-04
[26-Nov-2024 23:37:21 Asia/Seoul] 회사 통계 저장 완료: 2024-11-04
[26-Nov-2024 23:37:21 Asia/Seoul] 직급수당 계산 오류 (2024-11-05): 해당 일자의 매출이 없습니다: 2024-11-05
[26-Nov-2024 23:37:21 Asia/Seoul] 해당 일자의 매출이 없습니다: 2024-11-05
[26-Nov-2024 23:37:21 Asia/Seoul] 회사 통계 저장 완료: 2024-11-05
[26-Nov-2024 23:37:21 Asia/Seoul] 직급수당 계산 오류 (2024-11-06): 해당 일자의 매출이 없습니다: 2024-11-06
[26-Nov-2024 23:37:21 Asia/Seoul] 해당 일자의 매출이 없습니다: 2024-11-06
[26-Nov-2024 23:37:21 Asia/Seoul] 회사 통계 저장 완료: 2024-11-06
[26-Nov-2024 23:37:21 Asia/Seoul] 직급수당 계산 오류 (2024-11-07): 해당 일자의 매출이 없습니다: 2024-11-07
[26-Nov-2024 23:37:21 Asia/Seoul] 해당 일자의 매출이 없습니다: 2024-11-07
[26-Nov-2024 23:37:21 Asia/Seoul] 회사 통계 저장 완료: 2024-11-07
[26-Nov-2024 23:37:21 Asia/Seoul] 직급수당 계산 오류 (2024-11-08): 해당 일자의 매출이 없습니다: 2024-11-08
[26-Nov-2024 23:37:21 Asia/Seoul] 해당 일자의 매출이 없습니다: 2024-11-08
[26-Nov-2024 23:37:21 Asia/Seoul] 회사 통계 저장 완료: 2024-11-08
[26-Nov-2024 23:37:21 Asia/Seoul] 직급수당 계산 오류 (2024-11-09): 해당 일자의 매출이 없습니다: 2024-11-09
[26-Nov-2024 23:37:21 Asia/Seoul] 해당 일자의 매출이 없습니다: 2024-11-09
[26-Nov-2024 23:37:21 Asia/Seoul] 회사 통계 저장 완료: 2024-11-09
[26-Nov-2024 23:37:21 Asia/Seoul] 직급수당 계산 오류 (2024-11-10): 해당 일자의 매출이 없습니다: 2024-11-10
[26-Nov-2024 23:37:21 Asia/Seoul] 해당 일자의 매출이 없습니다: 2024-11-10
[26-Nov-2024 23:37:22 Asia/Seoul] 회사 통계 저장 완료: 2024-11-10
[26-Nov-2024 23:37:22 Asia/Seoul] 직급수당 계산 오류 (2024-11-11): 해당 일자의 매출이 없습니다: 2024-11-11
[26-Nov-2024 23:37:22 Asia/Seoul] 해당 일자의 매출이 없습니다: 2024-11-11
[26-Nov-2024 23:37:22 Asia/Seoul] 회사 통계 저장 완료: 2024-11-11
[26-Nov-2024 23:37:22 Asia/Seoul] 직급수당 계산 오류 (2024-11-12): 해당 일자의 매출이 없습니다: 2024-11-12
[26-Nov-2024 23:37:22 Asia/Seoul] 해당 일자의 매출이 없습니다: 2024-11-12
[26-Nov-2024 23:37:22 Asia/Seoul] 회사 통계 저장 완료: 2024-11-12
[26-Nov-2024 23:37:22 Asia/Seoul] 직급수당 계산 오류 (2024-11-13): 해당 일자의 매출이 없습니다: 2024-11-13
[26-Nov-2024 23:37:22 Asia/Seoul] 해당 일자의 매출이 없습니다: 2024-11-13
[26-Nov-2024 23:37:22 Asia/Seoul] 회사 통계 저장 완료: 2024-11-13
[26-Nov-2024 23:37:22 Asia/Seoul] 매출 집계 완료: 1000.00
[26-Nov-2024 23:37:22 Asia/Seoul] 직급 1스타 처리 시작
[26-Nov-2024 23:37:22 Asia/Seoul] 1스타 직급 대상 회원 없음
[26-Nov-2024 23:37:22 Asia/Seoul] 직급 2스타 처리 시작
[26-Nov-2024 23:37:22 Asia/Seoul] 2스타 직급 대상 회원 없음
[26-Nov-2024 23:37:22 Asia/Seoul] 직급 3스타 처리 시작
[26-Nov-2024 23:37:22 Asia/Seoul] 3스타 직급 대상 회원 없음
[26-Nov-2024 23:37:22 Asia/Seoul] 직급 4스타 처리 시작
[26-Nov-2024 23:37:22 Asia/Seoul] 4스타 직급 대상 회원 없음
[26-Nov-2024 23:37:22 Asia/Seoul] 직급 5스타 처리 시작
[26-Nov-2024 23:37:22 Asia/Seoul] 5스타 직급 대상 회원 없음
[26-Nov-2024 23:37:22 Asia/Seoul] 직급 6스타 처리 시작
[26-Nov-2024 23:37:22 Asia/Seoul] 6스타 직급 대상 회원 없음
[26-Nov-2024 23:37:22 Asia/Seoul] 직급 7스타 처리 시작
[26-Nov-2024 23:37:22 Asia/Seoul] 7스타 직급 대상 회원 없음
[26-Nov-2024 23:37:22 Asia/Seoul] 2024-11-14 직급수당 정산 완료
[26-Nov-2024 23:37:22 Asia/Seoul] 회사 통계 저장 완료: 2024-11-14
[26-Nov-2024 23:37:22 Asia/Seoul] 매출 집계 완료: 1000.00
[26-Nov-2024 23:37:22 Asia/Seoul] 직급 1스타 처리 시작
[26-Nov-2024 23:37:22 Asia/Seoul] 1스타 직급 대상 회원 없음
[26-Nov-2024 23:37:22 Asia/Seoul] 직급 2스타 처리 시작
[26-Nov-2024 23:37:22 Asia/Seoul] 2스타 직급 대상 회원 없음
[26-Nov-2024 23:37:22 Asia/Seoul] 직급 3스타 처리 시작
[26-Nov-2024 23:37:22 Asia/Seoul] 3스타 직급 대상 회원 없음
[26-Nov-2024 23:37:22 Asia/Seoul] 직급 4스타 처리 시작
[26-Nov-2024 23:37:22 Asia/Seoul] 4스타 직급 대상 회원 없음
[26-Nov-2024 23:37:22 Asia/Seoul] 직급 5스타 처리 시작
[26-Nov-2024 23:37:22 Asia/Seoul] 5스타 직급 대상 회원 없음
[26-Nov-2024 23:37:22 Asia/Seoul] 직급 6스타 처리 시작
[26-Nov-2024 23:37:22 Asia/Seoul] 6스타 직급 대상 회원 없음
[26-Nov-2024 23:37:22 Asia/Seoul] 직급 7스타 처리 시작
[26-Nov-2024 23:37:22 Asia/Seoul] 7스타 직급 대상 회원 없음
[26-Nov-2024 23:37:22 Asia/Seoul] 2024-11-15 직급수당 정산 완료
[26-Nov-2024 23:37:22 Asia/Seoul] 회사 통계 저장 완료: 2024-11-15
[26-Nov-2024 23:37:22 Asia/Seoul] 직급수당 계산 오류 (2024-11-16): 해당 일자의 매출이 없습니다: 2024-11-16
[26-Nov-2024 23:37:22 Asia/Seoul] 해당 일자의 매출이 없습니다: 2024-11-16
[26-Nov-2024 23:37:22 Asia/Seoul] 회사 통계 저장 완료: 2024-11-16
[26-Nov-2024 23:37:22 Asia/Seoul] 매출 집계 완료: 2000.00
[26-Nov-2024 23:37:22 Asia/Seoul] 직급 1스타 처리 시작
[26-Nov-2024 23:37:22 Asia/Seoul] 1스타 직급 대상 회원 없음
[26-Nov-2024 23:37:22 Asia/Seoul] 직급 2스타 처리 시작
[26-Nov-2024 23:37:22 Asia/Seoul] 2스타 직급 대상 회원 없음
[26-Nov-2024 23:37:22 Asia/Seoul] 직급 3스타 처리 시작
[26-Nov-2024 23:37:22 Asia/Seoul] 3스타 직급 대상 회원 없음
[26-Nov-2024 23:37:22 Asia/Seoul] 직급 4스타 처리 시작
[26-Nov-2024 23:37:22 Asia/Seoul] 4스타 직급 대상 회원 없음
[26-Nov-2024 23:37:22 Asia/Seoul] 직급 5스타 처리 시작
[26-Nov-2024 23:37:22 Asia/Seoul] 5스타 직급 대상 회원 없음
[26-Nov-2024 23:37:22 Asia/Seoul] 직급 6스타 처리 시작
[26-Nov-2024 23:37:22 Asia/Seoul] 6스타 직급 대상 회원 없음
[26-Nov-2024 23:37:22 Asia/Seoul] 직급 7스타 처리 시작
[26-Nov-2024 23:37:22 Asia/Seoul] 7스타 직급 대상 회원 없음
[26-Nov-2024 23:37:22 Asia/Seoul] 2024-11-17 직급수당 정산 완료
[26-Nov-2024 23:37:22 Asia/Seoul] 회사 통계 저장 완료: 2024-11-17
[26-Nov-2024 23:37:22 Asia/Seoul] 직급수당 계산 오류 (2024-11-18): 해당 일자의 매출이 없습니다: 2024-11-18
[26-Nov-2024 23:37:22 Asia/Seoul] 해당 일자의 매출이 없습니다: 2024-11-18
[26-Nov-2024 23:37:22 Asia/Seoul] 회사 통계 저장 완료: 2024-11-18
[26-Nov-2024 23:37:22 Asia/Seoul] 매출 집계 완료: 1000.00
[26-Nov-2024 23:37:22 Asia/Seoul] 직급 1스타 처리 시작
[26-Nov-2024 23:37:22 Asia/Seoul] 1스타 직급 대상 회원 없음
[26-Nov-2024 23:37:22 Asia/Seoul] 직급 2스타 처리 시작
[26-Nov-2024 23:37:22 Asia/Seoul] 2스타 직급 대상 회원 없음
[26-Nov-2024 23:37:22 Asia/Seoul] 직급 3스타 처리 시작
[26-Nov-2024 23:37:22 Asia/Seoul] 3스타 직급 대상 회원 없음
[26-Nov-2024 23:37:22 Asia/Seoul] 직급 4스타 처리 시작
[26-Nov-2024 23:37:22 Asia/Seoul] 4스타 직급 대상 회원 없음
[26-Nov-2024 23:37:22 Asia/Seoul] 직급 5스타 처리 시작
[26-Nov-2024 23:37:22 Asia/Seoul] 5스타 직급 대상 회원 없음
[26-Nov-2024 23:37:22 Asia/Seoul] 직급 6스타 처리 시작
[26-Nov-2024 23:37:22 Asia/Seoul] 6스타 직급 대상 회원 없음
[26-Nov-2024 23:37:22 Asia/Seoul] 직급 7스타 처리 시작
[26-Nov-2024 23:37:22 Asia/Seoul] 7스타 직급 대상 회원 없음
[26-Nov-2024 23:37:22 Asia/Seoul] 2024-11-19 직급수당 정산 완료
[26-Nov-2024 23:37:22 Asia/Seoul] 회사 통계 저장 완료: 2024-11-19
[26-Nov-2024 23:37:22 Asia/Seoul] 직급수당 계산 오류 (2024-11-20): 해당 일자의 매출이 없습니다: 2024-11-20
[26-Nov-2024 23:37:22 Asia/Seoul] 해당 일자의 매출이 없습니다: 2024-11-20
[26-Nov-2024 23:37:22 Asia/Seoul] 회사 통계 저장 완료: 2024-11-20
[26-Nov-2024 23:37:22 Asia/Seoul] 매출 집계 완료: 2000.00
[26-Nov-2024 23:37:22 Asia/Seoul] 직급 1스타 처리 시작
[26-Nov-2024 23:37:22 Asia/Seoul] 1스타 직급 대상 회원 없음
[26-Nov-2024 23:37:22 Asia/Seoul] 직급 2스타 처리 시작
[26-Nov-2024 23:37:22 Asia/Seoul] 2스타 직급 대상 회원 없음
[26-Nov-2024 23:37:22 Asia/Seoul] 직급 3스타 처리 시작
[26-Nov-2024 23:37:22 Asia/Seoul] 3스타 직급 대상 회원 없음
[26-Nov-2024 23:37:22 Asia/Seoul] 직급 4스타 처리 시작
[26-Nov-2024 23:37:22 Asia/Seoul] 4스타 직급 대상 회원 없음
[26-Nov-2024 23:37:22 Asia/Seoul] 직급 5스타 처리 시작
[26-Nov-2024 23:37:22 Asia/Seoul] 5스타 직급 대상 회원 없음
[26-Nov-2024 23:37:22 Asia/Seoul] 직급 6스타 처리 시작
[26-Nov-2024 23:37:22 Asia/Seoul] 6스타 직급 대상 회원 없음
[26-Nov-2024 23:37:22 Asia/Seoul] 직급 7스타 처리 시작
[26-Nov-2024 23:37:22 Asia/Seoul] 7스타 직급 대상 회원 없음
[26-Nov-2024 23:37:22 Asia/Seoul] 2024-11-21 직급수당 정산 완료
[26-Nov-2024 23:37:23 Asia/Seoul] 회사 통계 저장 완료: 2024-11-21
[26-Nov-2024 23:37:23 Asia/Seoul] 매출 집계 완료: 500.00
[26-Nov-2024 23:37:23 Asia/Seoul] 직급 1스타 처리 시작
[26-Nov-2024 23:37:23 Asia/Seoul] 1스타 직급 대상 회원 없음
[26-Nov-2024 23:37:23 Asia/Seoul] 직급 2스타 처리 시작
[26-Nov-2024 23:37:23 Asia/Seoul] 2스타 직급 대상 회원 없음
[26-Nov-2024 23:37:23 Asia/Seoul] 직급 3스타 처리 시작
[26-Nov-2024 23:37:23 Asia/Seoul] 3스타 직급 대상 회원 없음
[26-Nov-2024 23:37:23 Asia/Seoul] 직급 4스타 처리 시작
[26-Nov-2024 23:37:23 Asia/Seoul] 4스타 직급 대상 회원 없음
[26-Nov-2024 23:37:23 Asia/Seoul] 직급 5스타 처리 시작
[26-Nov-2024 23:37:23 Asia/Seoul] 5스타 직급 대상 회원 없음
[26-Nov-2024 23:37:23 Asia/Seoul] 직급 6스타 처리 시작
[26-Nov-2024 23:37:23 Asia/Seoul] 6스타 직급 대상 회원 없음
[26-Nov-2024 23:37:23 Asia/Seoul] 직급 7스타 처리 시작
[26-Nov-2024 23:37:23 Asia/Seoul] 7스타 직급 대상 회원 없음
[26-Nov-2024 23:37:23 Asia/Seoul] 2024-11-22 직급수당 정산 완료
[26-Nov-2024 23:37:23 Asia/Seoul] 회사 통계 저장 완료: 2024-11-22
[26-Nov-2024 23:37:23 Asia/Seoul] 직급수당 계산 오류 (2024-11-23): 해당 일자의 매출이 없습니다: 2024-11-23
[26-Nov-2024 23:37:23 Asia/Seoul] 해당 일자의 매출이 없습니다: 2024-11-23
[26-Nov-2024 23:37:23 Asia/Seoul] 회사 통계 저장 완료: 2024-11-23
[26-Nov-2024 23:37:23 Asia/Seoul] 직급수당 계산 오류 (2024-11-24): 해당 일자의 매출이 없습니다: 2024-11-24
[26-Nov-2024 23:37:23 Asia/Seoul] 해당 일자의 매출이 없습니다: 2024-11-24
[26-Nov-2024 23:37:23 Asia/Seoul] 회사 통계 저장 완료: 2024-11-24
[26-Nov-2024 23:37:23 Asia/Seoul] 직급수당 계산 오류 (2024-11-25): 해당 일자의 매출이 없습니다: 2024-11-25
[26-Nov-2024 23:37:23 Asia/Seoul] 해당 일자의 매출이 없습니다: 2024-11-25
[26-Nov-2024 23:37:23 Asia/Seoul] 회사 통계 저장 완료: 2024-11-25
[26-Nov-2024 23:37:23 Asia/Seoul] 매출 집계 완료: 500.00
[26-Nov-2024 23:37:23 Asia/Seoul] 직급 1스타 처리 시작
[26-Nov-2024 23:37:23 Asia/Seoul] 1스타 직급 대상 회원 없음
[26-Nov-2024 23:37:23 Asia/Seoul] 직급 2스타 처리 시작
[26-Nov-2024 23:37:23 Asia/Seoul] 2스타 직급 대상 회원 없음
[26-Nov-2024 23:37:23 Asia/Seoul] 직급 3스타 처리 시작
[26-Nov-2024 23:37:23 Asia/Seoul] 3스타 직급 대상 회원 없음
[26-Nov-2024 23:37:23 Asia/Seoul] 직급 4스타 처리 시작
[26-Nov-2024 23:37:23 Asia/Seoul] 4스타 직급 대상 회원 없음
[26-Nov-2024 23:37:23 Asia/Seoul] 직급 5스타 처리 시작
[26-Nov-2024 23:37:23 Asia/Seoul] 5스타 직급 대상 회원 없음
[26-Nov-2024 23:37:23 Asia/Seoul] 직급 6스타 처리 시작
[26-Nov-2024 23:37:23 Asia/Seoul] 6스타 직급 대상 회원 없음
[26-Nov-2024 23:37:23 Asia/Seoul] 직급 7스타 처리 시작
[26-Nov-2024 23:37:23 Asia/Seoul] 7스타 직급 대상 회원 없음
[26-Nov-2024 23:37:23 Asia/Seoul] 2024-11-26 직급수당 정산 완료
[26-Nov-2024 23:37:23 Asia/Seoul] 회사 통계 저장 완료: 2024-11-26
[27-Nov-2024 00:35:32 Asia/Seoul] 매출 집계 완료: 1000.00
[27-Nov-2024 00:35:32 Asia/Seoul] 직급 1스타 처리 시작
[27-Nov-2024 00:35:32 Asia/Seoul] 1스타 직급 대상 회원 없음
[27-Nov-2024 00:35:32 Asia/Seoul] 직급 2스타 처리 시작
[27-Nov-2024 00:35:32 Asia/Seoul] 2스타 직급 대상 회원 없음
[27-Nov-2024 00:35:32 Asia/Seoul] 직급 3스타 처리 시작
[27-Nov-2024 00:35:32 Asia/Seoul] 3스타 직급 대상 회원 없음
[27-Nov-2024 00:35:32 Asia/Seoul] 직급 4스타 처리 시작
[27-Nov-2024 00:35:32 Asia/Seoul] 4스타 직급 대상 회원 없음
[27-Nov-2024 00:35:32 Asia/Seoul] 직급 5스타 처리 시작
[27-Nov-2024 00:35:32 Asia/Seoul] 5스타 직급 대상 회원 없음
[27-Nov-2024 00:35:32 Asia/Seoul] 직급 6스타 처리 시작
[27-Nov-2024 00:35:32 Asia/Seoul] 6스타 직급 대상 회원 없음
[27-Nov-2024 00:35:32 Asia/Seoul] 직급 7스타 처리 시작
[27-Nov-2024 00:35:32 Asia/Seoul] 7스타 직급 대상 회원 없음
[27-Nov-2024 00:35:32 Asia/Seoul] 2024-11-14 직급수당 정산 완료
[27-Nov-2024 00:35:32 Asia/Seoul] 회사 통계 저장 완료: 2024-11-14
[27-Nov-2024 00:35:32 Asia/Seoul] 매출 집계 완료: 1000.00
[27-Nov-2024 00:35:32 Asia/Seoul] 직급 1스타 처리 시작
[27-Nov-2024 00:35:32 Asia/Seoul] 1스타 직급 대상 회원 없음
[27-Nov-2024 00:35:32 Asia/Seoul] 직급 2스타 처리 시작
[27-Nov-2024 00:35:32 Asia/Seoul] 2스타 직급 대상 회원 없음
[27-Nov-2024 00:35:32 Asia/Seoul] 직급 3스타 처리 시작
[27-Nov-2024 00:35:32 Asia/Seoul] 3스타 직급 대상 회원 없음
[27-Nov-2024 00:35:32 Asia/Seoul] 직급 4스타 처리 시작
[27-Nov-2024 00:35:32 Asia/Seoul] 4스타 직급 대상 회원 없음
[27-Nov-2024 00:35:32 Asia/Seoul] 직급 5스타 처리 시작
[27-Nov-2024 00:35:32 Asia/Seoul] 5스타 직급 대상 회원 없음
[27-Nov-2024 00:35:32 Asia/Seoul] 직급 6스타 처리 시작
[27-Nov-2024 00:35:32 Asia/Seoul] 6스타 직급 대상 회원 없음
[27-Nov-2024 00:35:32 Asia/Seoul] 직급 7스타 처리 시작
[27-Nov-2024 00:35:32 Asia/Seoul] 7스타 직급 대상 회원 없음
[27-Nov-2024 00:35:32 Asia/Seoul] 2024-11-15 직급수당 정산 완료
[27-Nov-2024 00:35:32 Asia/Seoul] 회사 통계 저장 완료: 2024-11-15
[27-Nov-2024 00:35:32 Asia/Seoul] 직급수당 계산 오류 (2024-11-16): 해당 일자의 매출이 없습니다: 2024-11-16
[27-Nov-2024 00:35:32 Asia/Seoul] 해당 일자의 매출이 없습니다: 2024-11-16
[27-Nov-2024 00:35:32 Asia/Seoul] 회사 통계 저장 완료: 2024-11-16
[27-Nov-2024 00:35:32 Asia/Seoul] 매출 집계 완료: 2000.00
[27-Nov-2024 00:35:32 Asia/Seoul] 직급 1스타 처리 시작
[27-Nov-2024 00:35:32 Asia/Seoul] 1스타 직급 대상 회원 없음
[27-Nov-2024 00:35:32 Asia/Seoul] 직급 2스타 처리 시작
[27-Nov-2024 00:35:32 Asia/Seoul] 2스타 직급 대상 회원 없음
[27-Nov-2024 00:35:32 Asia/Seoul] 직급 3스타 처리 시작
[27-Nov-2024 00:35:32 Asia/Seoul] 3스타 직급 대상 회원 없음
[27-Nov-2024 00:35:32 Asia/Seoul] 직급 4스타 처리 시작
[27-Nov-2024 00:35:32 Asia/Seoul] 4스타 직급 대상 회원 없음
[27-Nov-2024 00:35:32 Asia/Seoul] 직급 5스타 처리 시작
[27-Nov-2024 00:35:32 Asia/Seoul] 5스타 직급 대상 회원 없음
[27-Nov-2024 00:35:32 Asia/Seoul] 직급 6스타 처리 시작
[27-Nov-2024 00:35:32 Asia/Seoul] 6스타 직급 대상 회원 없음
[27-Nov-2024 00:35:32 Asia/Seoul] 직급 7스타 처리 시작
[27-Nov-2024 00:35:32 Asia/Seoul] 7스타 직급 대상 회원 없음
[27-Nov-2024 00:35:32 Asia/Seoul] 2024-11-17 직급수당 정산 완료
[27-Nov-2024 00:35:32 Asia/Seoul] 회사 통계 저장 완료: 2024-11-17
[27-Nov-2024 00:35:32 Asia/Seoul] 직급수당 계산 오류 (2024-11-18): 해당 일자의 매출이 없습니다: 2024-11-18
[27-Nov-2024 00:35:32 Asia/Seoul] 해당 일자의 매출이 없습니다: 2024-11-18
[27-Nov-2024 00:35:32 Asia/Seoul] 회사 통계 저장 완료: 2024-11-18
[27-Nov-2024 00:35:32 Asia/Seoul] 매출 집계 완료: 1000.00
[27-Nov-2024 00:35:32 Asia/Seoul] 직급 1스타 처리 시작
[27-Nov-2024 00:35:32 Asia/Seoul] 1스타 직급 대상 회원 없음
[27-Nov-2024 00:35:32 Asia/Seoul] 직급 2스타 처리 시작
[27-Nov-2024 00:35:32 Asia/Seoul] 2스타 직급 대상 회원 없음
[27-Nov-2024 00:35:32 Asia/Seoul] 직급 3스타 처리 시작
[27-Nov-2024 00:35:32 Asia/Seoul] 3스타 직급 대상 회원 없음
[27-Nov-2024 00:35:32 Asia/Seoul] 직급 4스타 처리 시작
[27-Nov-2024 00:35:32 Asia/Seoul] 4스타 직급 대상 회원 없음
[27-Nov-2024 00:35:32 Asia/Seoul] 직급 5스타 처리 시작
[27-Nov-2024 00:35:32 Asia/Seoul] 5스타 직급 대상 회원 없음
[27-Nov-2024 00:35:32 Asia/Seoul] 직급 6스타 처리 시작
[27-Nov-2024 00:35:32 Asia/Seoul] 6스타 직급 대상 회원 없음
[27-Nov-2024 00:35:32 Asia/Seoul] 직급 7스타 처리 시작
[27-Nov-2024 00:35:32 Asia/Seoul] 7스타 직급 대상 회원 없음
[27-Nov-2024 00:35:32 Asia/Seoul] 2024-11-19 직급수당 정산 완료
[27-Nov-2024 00:35:32 Asia/Seoul] 회사 통계 저장 완료: 2024-11-19
[27-Nov-2024 00:35:32 Asia/Seoul] 직급수당 계산 오류 (2024-11-20): 해당 일자의 매출이 없습니다: 2024-11-20
[27-Nov-2024 00:35:32 Asia/Seoul] 해당 일자의 매출이 없습니다: 2024-11-20
[27-Nov-2024 00:35:32 Asia/Seoul] 회사 통계 저장 완료: 2024-11-20
[27-Nov-2024 00:35:32 Asia/Seoul] 매출 집계 완료: 2000.00
[27-Nov-2024 00:35:32 Asia/Seoul] 직급 1스타 처리 시작
[27-Nov-2024 00:35:32 Asia/Seoul] 1스타 직급 대상 회원 없음
[27-Nov-2024 00:35:32 Asia/Seoul] 직급 2스타 처리 시작
[27-Nov-2024 00:35:32 Asia/Seoul] 2스타 직급 대상 회원 없음
[27-Nov-2024 00:35:32 Asia/Seoul] 직급 3스타 처리 시작
[27-Nov-2024 00:35:32 Asia/Seoul] 3스타 직급 대상 회원 없음
[27-Nov-2024 00:35:32 Asia/Seoul] 직급 4스타 처리 시작
[27-Nov-2024 00:35:32 Asia/Seoul] 4스타 직급 대상 회원 없음
[27-Nov-2024 00:35:32 Asia/Seoul] 직급 5스타 처리 시작
[27-Nov-2024 00:35:32 Asia/Seoul] 5스타 직급 대상 회원 없음
[27-Nov-2024 00:35:32 Asia/Seoul] 직급 6스타 처리 시작
[27-Nov-2024 00:35:32 Asia/Seoul] 6스타 직급 대상 회원 없음
[27-Nov-2024 00:35:32 Asia/Seoul] 직급 7스타 처리 시작
[27-Nov-2024 00:35:32 Asia/Seoul] 7스타 직급 대상 회원 없음
[27-Nov-2024 00:35:32 Asia/Seoul] 2024-11-21 직급수당 정산 완료
[27-Nov-2024 00:35:33 Asia/Seoul] 회사 통계 저장 완료: 2024-11-21
[27-Nov-2024 00:35:33 Asia/Seoul] 매출 집계 완료: 500.00
[27-Nov-2024 00:35:33 Asia/Seoul] 직급 1스타 처리 시작
[27-Nov-2024 00:35:33 Asia/Seoul] 1스타 직급 대상 회원 없음
[27-Nov-2024 00:35:33 Asia/Seoul] 직급 2스타 처리 시작
[27-Nov-2024 00:35:33 Asia/Seoul] 2스타 직급 대상 회원 없음
[27-Nov-2024 00:35:33 Asia/Seoul] 직급 3스타 처리 시작
[27-Nov-2024 00:35:33 Asia/Seoul] 3스타 직급 대상 회원 없음
[27-Nov-2024 00:35:33 Asia/Seoul] 직급 4스타 처리 시작
[27-Nov-2024 00:35:33 Asia/Seoul] 4스타 직급 대상 회원 없음
[27-Nov-2024 00:35:33 Asia/Seoul] 직급 5스타 처리 시작
[27-Nov-2024 00:35:33 Asia/Seoul] 5스타 직급 대상 회원 없음
[27-Nov-2024 00:35:33 Asia/Seoul] 직급 6스타 처리 시작
[27-Nov-2024 00:35:33 Asia/Seoul] 6스타 직급 대상 회원 없음
[27-Nov-2024 00:35:33 Asia/Seoul] 직급 7스타 처리 시작
[27-Nov-2024 00:35:33 Asia/Seoul] 7스타 직급 대상 회원 없음
[27-Nov-2024 00:35:33 Asia/Seoul] 2024-11-22 직급수당 정산 완료
[27-Nov-2024 00:35:33 Asia/Seoul] 회사 통계 저장 완료: 2024-11-22
[27-Nov-2024 00:35:33 Asia/Seoul] 직급수당 계산 오류 (2024-11-23): 해당 일자의 매출이 없습니다: 2024-11-23
[27-Nov-2024 00:35:33 Asia/Seoul] 해당 일자의 매출이 없습니다: 2024-11-23
[27-Nov-2024 00:35:33 Asia/Seoul] 회사 통계 저장 완료: 2024-11-23
[27-Nov-2024 00:35:33 Asia/Seoul] 직급수당 계산 오류 (2024-11-24): 해당 일자의 매출이 없습니다: 2024-11-24
[27-Nov-2024 00:35:33 Asia/Seoul] 해당 일자의 매출이 없습니다: 2024-11-24
[27-Nov-2024 00:35:33 Asia/Seoul] 회사 통계 저장 완료: 2024-11-24
[27-Nov-2024 00:35:33 Asia/Seoul] 직급수당 계산 오류 (2024-11-25): 해당 일자의 매출이 없습니다: 2024-11-25
[27-Nov-2024 00:35:33 Asia/Seoul] 해당 일자의 매출이 없습니다: 2024-11-25
[27-Nov-2024 00:35:33 Asia/Seoul] 회사 통계 저장 완료: 2024-11-25
[27-Nov-2024 00:35:33 Asia/Seoul] 매출 집계 완료: 500.00
[27-Nov-2024 00:35:33 Asia/Seoul] 직급 1스타 처리 시작
[27-Nov-2024 00:35:33 Asia/Seoul] 1스타 직급 대상 회원 없음
[27-Nov-2024 00:35:33 Asia/Seoul] 직급 2스타 처리 시작
[27-Nov-2024 00:35:33 Asia/Seoul] 2스타 직급 대상 회원 없음
[27-Nov-2024 00:35:33 Asia/Seoul] 직급 3스타 처리 시작
[27-Nov-2024 00:35:33 Asia/Seoul] 3스타 직급 대상 회원 없음
[27-Nov-2024 00:35:33 Asia/Seoul] 직급 4스타 처리 시작
[27-Nov-2024 00:35:33 Asia/Seoul] 4스타 직급 대상 회원 없음
[27-Nov-2024 00:35:33 Asia/Seoul] 직급 5스타 처리 시작
[27-Nov-2024 00:35:33 Asia/Seoul] 5스타 직급 대상 회원 없음
[27-Nov-2024 00:35:33 Asia/Seoul] 직급 6스타 처리 시작
[27-Nov-2024 00:35:33 Asia/Seoul] 6스타 직급 대상 회원 없음
[27-Nov-2024 00:35:33 Asia/Seoul] 직급 7스타 처리 시작
[27-Nov-2024 00:35:33 Asia/Seoul] 7스타 직급 대상 회원 없음
[27-Nov-2024 00:35:33 Asia/Seoul] 2024-11-26 직급수당 정산 완료
[27-Nov-2024 00:35:33 Asia/Seoul] 회사 통계 저장 완료: 2024-11-26
[27-Nov-2024 00:35:33 Asia/Seoul] 직급수당 계산 오류 (2024-11-27): 해당 일자의 매출이 없습니다: 2024-11-27
[27-Nov-2024 00:35:33 Asia/Seoul] 해당 일자의 매출이 없습니다: 2024-11-27
[27-Nov-2024 00:35:33 Asia/Seoul] 회사 통계 저장 완료: 2024-11-27
[03-Dec-2024 19:01:19 Asia/Seoul] 직급수당 계산 오류 (2024-11-28): 해당 일자의 매출이 없습니다: 2024-11-28
[03-Dec-2024 19:01:19 Asia/Seoul] 해당 일자의 매출이 없습니다: 2024-11-28
[03-Dec-2024 19:01:19 Asia/Seoul] 회사 통계 저장 완료: 2024-11-28
[03-Dec-2024 19:01:19 Asia/Seoul] 직급수당 계산 오류 (2024-11-29): 해당 일자의 매출이 없습니다: 2024-11-29
[03-Dec-2024 19:01:19 Asia/Seoul] 해당 일자의 매출이 없습니다: 2024-11-29
[03-Dec-2024 19:01:19 Asia/Seoul] 회사 통계 저장 완료: 2024-11-29
[03-Dec-2024 19:01:19 Asia/Seoul] 매출 집계 완료: 500.00
[03-Dec-2024 19:01:19 Asia/Seoul] 직급 1스타 처리 시작
[03-Dec-2024 19:01:19 Asia/Seoul] 1스타 직급 대상 회원 없음
[03-Dec-2024 19:01:19 Asia/Seoul] 직급 2스타 처리 시작
[03-Dec-2024 19:01:19 Asia/Seoul] 2스타 직급 대상 회원 없음
[03-Dec-2024 19:01:19 Asia/Seoul] 직급 3스타 처리 시작
[03-Dec-2024 19:01:19 Asia/Seoul] 3스타 직급 대상 회원 없음
[03-Dec-2024 19:01:19 Asia/Seoul] 직급 4스타 처리 시작
[03-Dec-2024 19:01:19 Asia/Seoul] 4스타 직급 대상 회원 없음
[03-Dec-2024 19:01:19 Asia/Seoul] 직급 5스타 처리 시작
[03-Dec-2024 19:01:19 Asia/Seoul] 5스타 직급 대상 회원 없음
[03-Dec-2024 19:01:19 Asia/Seoul] 직급 6스타 처리 시작
[03-Dec-2024 19:01:19 Asia/Seoul] 6스타 직급 대상 회원 없음
[03-Dec-2024 19:01:19 Asia/Seoul] 직급 7스타 처리 시작
[03-Dec-2024 19:01:19 Asia/Seoul] 7스타 직급 대상 회원 없음
[03-Dec-2024 19:01:19 Asia/Seoul] 2024-11-30 직급수당 정산 완료
[03-Dec-2024 19:01:20 Asia/Seoul] 회사 통계 저장 완료: 2024-11-30
[03-Dec-2024 19:01:20 Asia/Seoul] 직급수당 계산 오류 (2024-12-01): 해당 일자의 매출이 없습니다: 2024-12-01
[03-Dec-2024 19:01:20 Asia/Seoul] 해당 일자의 매출이 없습니다: 2024-12-01
[03-Dec-2024 19:01:20 Asia/Seoul] 회사 통계 저장 완료: 2024-12-01
[03-Dec-2024 19:01:20 Asia/Seoul] 직급수당 계산 오류 (2024-12-02): 해당 일자의 매출이 없습니다: 2024-12-02
[03-Dec-2024 19:01:20 Asia/Seoul] 해당 일자의 매출이 없습니다: 2024-12-02
[03-Dec-2024 19:01:20 Asia/Seoul] 회사 통계 저장 완료: 2024-12-02
[05-Dec-2024 16:00:54 Asia/Seoul] 매출 집계 완료: 1000.00
[05-Dec-2024 16:00:54 Asia/Seoul] 직급 1스타 처리 시작
[05-Dec-2024 16:00:54 Asia/Seoul] PHP Notice:  Undefined variable: total_members명 in /home/lidyahkc/dir/richtech.club/includes/functions_bonus.php on line 251
[05-Dec-2024 16:00:54 Asia/Seoul] 1스타 - 수당풀: 90, 1인당: 10, 대상자: 
[05-Dec-2024 16:00:54 Asia/Seoul] 회원 jjp1354 수당 지급 완료: 10
[05-Dec-2024 16:00:54 Asia/Seoul] 회원 globalstar 수당 지급 완료: 10
[05-Dec-2024 16:00:54 Asia/Seoul] 회원 Ksh3756 수당 지급 완료: 10
[05-Dec-2024 16:00:54 Asia/Seoul] 회원 mmh8152 수당 지급 완료: 10
[05-Dec-2024 16:00:54 Asia/Seoul] 회원 Lmh6888 수당 지급 완료: 10
[05-Dec-2024 16:00:54 Asia/Seoul] 회원 han11888 수당 지급 완료: 10
[05-Dec-2024 16:00:54 Asia/Seoul] 회원 jin24688 수당 지급 완료: 10
[05-Dec-2024 16:00:54 Asia/Seoul] 회원 P5284 수당 지급 완료: 10
[05-Dec-2024 16:00:54 Asia/Seoul] 회원 S2678 수당 지급 완료: 10
[05-Dec-2024 16:00:54 Asia/Seoul] 직급 2스타 처리 시작
[05-Dec-2024 16:00:54 Asia/Seoul] PHP Notice:  Undefined variable: total_members명 in /home/lidyahkc/dir/richtech.club/includes/functions_bonus.php on line 251
[05-Dec-2024 16:00:54 Asia/Seoul] 2스타 - 수당풀: 40, 1인당: 20, 대상자: 
[05-Dec-2024 16:00:54 Asia/Seoul] 회원 mh4563 수당 지급 완료: 20
[05-Dec-2024 16:00:54 Asia/Seoul] 회원 jooyoon1004 수당 지급 완료: 20
[05-Dec-2024 16:00:54 Asia/Seoul] 직급 3스타 처리 시작
[05-Dec-2024 16:00:54 Asia/Seoul] PHP Notice:  Undefined variable: total_members명 in /home/lidyahkc/dir/richtech.club/includes/functions_bonus.php on line 251
[05-Dec-2024 16:00:54 Asia/Seoul] 3스타 - 수당풀: 30, 1인당: 15, 대상자: 
[05-Dec-2024 16:00:54 Asia/Seoul] 회원 mh4563 수당 지급 완료: 15
[05-Dec-2024 16:00:54 Asia/Seoul] 회원 jooyoon1004 수당 지급 완료: 15
[05-Dec-2024 16:00:54 Asia/Seoul] 직급 4스타 처리 시작
[05-Dec-2024 16:00:54 Asia/Seoul] 4스타 직급 대상 회원 없음
[05-Dec-2024 16:00:54 Asia/Seoul] 직급 5스타 처리 시작
[05-Dec-2024 16:00:54 Asia/Seoul] 5스타 직급 대상 회원 없음
[05-Dec-2024 16:00:54 Asia/Seoul] 직급 6스타 처리 시작
[05-Dec-2024 16:00:54 Asia/Seoul] PHP Notice:  Undefined variable: total_members명 in /home/lidyahkc/dir/richtech.club/includes/functions_bonus.php on line 251
[05-Dec-2024 16:00:54 Asia/Seoul] 6스타 - 수당풀: 15, 1인당: 15, 대상자: 
[05-Dec-2024 16:00:54 Asia/Seoul] 회원 hib8544 수당 지급 완료: 15
[05-Dec-2024 16:00:54 Asia/Seoul] 직급 7스타 처리 시작
[05-Dec-2024 16:00:54 Asia/Seoul] PHP Notice:  Undefined variable: total_members명 in /home/lidyahkc/dir/richtech.club/includes/functions_bonus.php on line 251
[05-Dec-2024 16:00:54 Asia/Seoul] 7스타 - 수당풀: 15, 1인당: 15, 대상자: 
[05-Dec-2024 16:00:54 Asia/Seoul] 회원 hib8544 수당 지급 완료: 15
[05-Dec-2024 16:00:54 Asia/Seoul] 2024-12-03 직급수당 정산 완료
[05-Dec-2024 16:00:54 Asia/Seoul] 회사 통계 저장 완료: 2024-12-03
[05-Dec-2024 16:00:54 Asia/Seoul] 직급수당 계산 오류 (2024-12-04): 해당 일자의 매출이 없습니다: 2024-12-04
[05-Dec-2024 16:00:54 Asia/Seoul] 해당 일자의 매출이 없습니다: 2024-12-04
[05-Dec-2024 16:00:54 Asia/Seoul] 회사 통계 저장 완료: 2024-12-04
[07-Dec-2024 13:22:55 Asia/Seoul] 직급수당 계산 오류 (2024-12-05): 해당 일자의 매출이 없습니다: 2024-12-05
[07-Dec-2024 13:22:55 Asia/Seoul] 해당 일자의 매출이 없습니다: 2024-12-05
[07-Dec-2024 13:22:55 Asia/Seoul] 회사 통계 저장 완료: 2024-12-05
[07-Dec-2024 13:22:55 Asia/Seoul] 직급수당 계산 오류 (2024-12-06): 해당 일자의 매출이 없습니다: 2024-12-06
[07-Dec-2024 13:22:55 Asia/Seoul] 해당 일자의 매출이 없습니다: 2024-12-06
[07-Dec-2024 13:22:55 Asia/Seoul] 회사 통계 저장 완료: 2024-12-06
[08-Dec-2024 19:48:34 Asia/Seoul] 직급수당 계산 오류 (2024-12-08): 해당 일자의 매출이 없습니다: 2024-12-08
[08-Dec-2024 19:48:34 Asia/Seoul] 해당 일자의 매출이 없습니다: 2024-12-08
[08-Dec-2024 19:48:36 Asia/Seoul] 직급수당 계산 오류 (2024-12-08): 해당 일자의 매출이 없습니다: 2024-12-08
[08-Dec-2024 19:48:36 Asia/Seoul] 해당 일자의 매출이 없습니다: 2024-12-08
[08-Dec-2024 19:48:37 Asia/Seoul] 직급수당 계산 오류 (2024-12-08): 해당 일자의 매출이 없습니다: 2024-12-08
[08-Dec-2024 19:48:37 Asia/Seoul] 해당 일자의 매출이 없습니다: 2024-12-08
[08-Dec-2024 19:49:17 Asia/Seoul] 2024-12-07 직급수당 정산 완료
[08-Dec-2024 19:49:17 Asia/Seoul] 직급수당 계산 오류 (2024-12-08): 해당 일자의 매출이 없습니다: 2024-12-08
[08-Dec-2024 19:49:17 Asia/Seoul] 해당 일자의 매출이 없습니다: 2024-12-08
[08-Dec-2024 20:04:07 Asia/Seoul] 회사 통계 저장 완료: 2024-12-07
[08-Dec-2024 20:04:07 Asia/Seoul] 회사 통계 저장 완료: 2024-12-08
[09-Dec-2024 23:19:45 Asia/Seoul] 직급수당 계산 오류 (2024-12-09): 해당 일자의 매출이 없습니다: 2024-12-09
[09-Dec-2024 23:19:45 Asia/Seoul] 해당 일자의 매출이 없습니다: 2024-12-09
[09-Dec-2024 23:19:45 Asia/Seoul] 회사 통계 저장 완료: 2024-12-09
