[27-Nov-2024 12:16:15 Asia/Seoul] PHP Notice:  Array to string conversion in /home/lidyahkc/dir/richtech.club/vendor/web3p/web3.php/src/Utils.php on line 282
[27-Nov-2024 12:16:15 Asia/Seoul] PHP Warning:  bccomp(): bcmath function argument is not well-formed in /home/lidyahkc/dir/richtech.club/admin/withdrawals_process.php on line 167
[27-Nov-2024 12:16:15 Asia/Seoul] 출금 처리 실패 (ID: 8): 가스비용이 부족합니다.
[27-Nov-2024 12:17:10 Asia/Seoul] PHP Notice:  Array to string conversion in /home/lidyahkc/dir/richtech.club/vendor/web3p/web3.php/src/Utils.php on line 282
[27-Nov-2024 12:17:10 Asia/Seoul] PHP Warning:  bccomp(): bcmath function argument is not well-formed in /home/lidyahkc/dir/richtech.club/admin/withdrawals_process.php on line 167
[27-Nov-2024 12:17:10 Asia/Seoul] 출금 처리 실패 (ID: 8): 가스비용이 부족합니다.
[27-Nov-2024 12:24:27 Asia/Seoul] PHP Fatal error:  Uncaught Error: Class 'HttpProvider' not found in /home/lidyahkc/dir/richtech.club/admin/withdrawals_process.php:161
Stack trace:
#0 /home/lidyahkc/dir/richtech.club/admin/withdrawals_process.php(82): sendBscUsdtTransaction('0xFAF0ab8dcBcDc...', '4.850000')
#1 {main}
  thrown in /home/lidyahkc/dir/richtech.club/admin/withdrawals_process.php on line 161
[27-Nov-2024 12:30:04 Asia/Seoul] PHP Fatal error:  Uncaught Error: Call to a member function bind_param() on bool in /home/lidyahkc/dir/richtech.club/admin/withdrawals_process.php:112
Stack trace:
#0 {main}
  thrown in /home/lidyahkc/dir/richtech.club/admin/withdrawals_process.php on line 112
[27-Nov-2024 12:41:18 Asia/Seoul] PHP Fatal error:  Uncaught Error: Call to a member function bind_param() on bool in /home/lidyahkc/dir/richtech.club/admin/withdrawals_process.php:141
Stack trace:
#0 {main}
  thrown in /home/lidyahkc/dir/richtech.club/admin/withdrawals_process.php on line 141
[27-Nov-2024 12:48:12 Asia/Seoul] 출금 처리 실패 (ID: 8): 관리자 로그 쿼리 준비 중 오류 발생: Table 'lidyahkc_rich.admin_logs' doesn't exist
[27-Nov-2024 15:14:09 Asia/Seoul] PHP Notice:  Array to string conversion in /home/lidyahkc/dir/richtech.club/admin/admin_withdrawals.php on line 409
[27-Nov-2024 15:14:34 Asia/Seoul] PHP Notice:  Array to string conversion in /home/lidyahkc/dir/richtech.club/admin/admin_withdrawals.php on line 409
[27-Nov-2024 15:26:53 Asia/Seoul] PHP Notice:  Array to string conversion in /home/lidyahkc/dir/richtech.club/admin/admin_withdrawals.php on line 418
[27-Nov-2024 15:26:56 Asia/Seoul] PHP Notice:  Array to string conversion in /home/lidyahkc/dir/richtech.club/admin/admin_withdrawals.php on line 418
[27-Nov-2024 15:26:58 Asia/Seoul] PHP Notice:  Array to string conversion in /home/lidyahkc/dir/richtech.club/admin/admin_withdrawals.php on line 418
[27-Nov-2024 15:26:59 Asia/Seoul] PHP Notice:  Array to string conversion in /home/lidyahkc/dir/richtech.club/admin/admin_withdrawals.php on line 418
[27-Nov-2024 15:27:09 Asia/Seoul] PHP Notice:  Array to string conversion in /home/lidyahkc/dir/richtech.club/admin/admin_withdrawals.php on line 418
[27-Nov-2024 15:32:20 Asia/Seoul] PHP Notice:  Array to string conversion in /home/lidyahkc/dir/richtech.club/admin/admin_withdrawals.php on line 419
[27-Nov-2024 15:32:24 Asia/Seoul] PHP Notice:  Array to string conversion in /home/lidyahkc/dir/richtech.club/admin/admin_withdrawals.php on line 419
[27-Nov-2024 15:43:06 Asia/Seoul] PHP Warning:  Parameter 2 to mysqli_stmt::bind_param() expected to be a reference, value given in /home/lidyahkc/dir/richtech.club/admin/admin_bonus.php on line 237
[27-Nov-2024 15:43:06 Asia/Seoul] PHP Warning:  Parameter 3 to mysqli_stmt::bind_param() expected to be a reference, value given in /home/lidyahkc/dir/richtech.club/admin/admin_bonus.php on line 237
[27-Nov-2024 15:43:06 Asia/Seoul] PHP Warning:  mysqli_stmt::bind_param(): Number of variables doesn't match number of parameters in prepared statement in /home/lidyahkc/dir/richtech.club/admin/admin_bonus.php on line 237
[27-Nov-2024 15:43:06 Asia/Seoul] PHP Warning:  Parameter 2 to mysqli_stmt::bind_param() expected to be a reference, value given in /home/lidyahkc/dir/richtech.club/admin/admin_bonus.php on line 247
[27-Nov-2024 15:43:06 Asia/Seoul] PHP Warning:  Parameter 3 to mysqli_stmt::bind_param() expected to be a reference, value given in /home/lidyahkc/dir/richtech.club/admin/admin_bonus.php on line 247
[27-Nov-2024 16:15:26 Asia/Seoul] PHP Fatal error:  Uncaught Exception: 환경 변수 BSC_PRIVATE_KEY가 설정되지 않았습니다. in /home/lidyahkc/dir/richtech.club/admin/admin_withdrawals.php:33
Stack trace:
#0 {main}
  thrown in /home/lidyahkc/dir/richtech.club/admin/admin_withdrawals.php on line 33
[27-Nov-2024 16:15:32 Asia/Seoul] PHP Fatal error:  Uncaught Exception: 환경 변수 BSC_PRIVATE_KEY가 설정되지 않았습니다. in /home/lidyahkc/dir/richtech.club/admin/admin_withdrawals.php:33
Stack trace:
#0 {main}
  thrown in /home/lidyahkc/dir/richtech.club/admin/admin_withdrawals.php on line 33
[27-Nov-2024 16:15:39 Asia/Seoul] PHP Fatal error:  Uncaught Exception: 환경 변수 BSC_PRIVATE_KEY가 설정되지 않았습니다. in /home/lidyahkc/dir/richtech.club/admin/admin_withdrawals.php:33
Stack trace:
#0 {main}
  thrown in /home/lidyahkc/dir/richtech.club/admin/admin_withdrawals.php on line 33
[27-Nov-2024 16:16:54 Asia/Seoul] PHP Fatal error:  Uncaught Exception: 환경 변수 BSC_PRIVATE_KEY가 설정되지 않았습니다. in /home/lidyahkc/dir/richtech.club/admin/admin_withdrawals.php:34
Stack trace:
#0 {main}
  thrown in /home/lidyahkc/dir/richtech.club/admin/admin_withdrawals.php on line 34
[27-Nov-2024 16:16:58 Asia/Seoul] PHP Fatal error:  Uncaught Exception: 환경 변수 BSC_PRIVATE_KEY가 설정되지 않았습니다. in /home/lidyahkc/dir/richtech.club/admin/admin_withdrawals.php:34
Stack trace:
#0 {main}
  thrown in /home/lidyahkc/dir/richtech.club/admin/admin_withdrawals.php on line 34
[27-Nov-2024 16:23:15 Asia/Seoul] PHP Fatal error:  Uncaught Exception: 환경 변수 BSC_PRIVATE_KEY가 설정되지 않았습니다. in /home/lidyahkc/dir/richtech.club/admin/admin_withdrawals.php:34
Stack trace:
#0 {main}
  thrown in /home/lidyahkc/dir/richtech.club/admin/admin_withdrawals.php on line 34
[27-Nov-2024 16:23:17 Asia/Seoul] PHP Fatal error:  Uncaught Exception: 환경 변수 BSC_PRIVATE_KEY가 설정되지 않았습니다. in /home/lidyahkc/dir/richtech.club/admin/admin_withdrawals.php:34
Stack trace:
#0 {main}
  thrown in /home/lidyahkc/dir/richtech.club/admin/admin_withdrawals.php on line 34
[27-Nov-2024 16:29:42 Asia/Seoul] PHP Fatal error:  Uncaught Exception: 환경 변수 BSC_PRIVATE_KEY가 설정되지 않았습니다. in /home/lidyahkc/dir/richtech.club/admin/admin_withdrawals.php:34
Stack trace:
#0 {main}
  thrown in /home/lidyahkc/dir/richtech.club/admin/admin_withdrawals.php on line 34
[27-Nov-2024 16:29:45 Asia/Seoul] PHP Fatal error:  Uncaught Exception: 환경 변수 BSC_PRIVATE_KEY가 설정되지 않았습니다. in /home/lidyahkc/dir/richtech.club/admin/admin_withdrawals.php:34
Stack trace:
#0 {main}
  thrown in /home/lidyahkc/dir/richtech.club/admin/admin_withdrawals.php on line 34
[27-Nov-2024 16:29:47 Asia/Seoul] PHP Fatal error:  Uncaught Exception: 환경 변수 BSC_PRIVATE_KEY가 설정되지 않았습니다. in /home/lidyahkc/dir/richtech.club/admin/admin_withdrawals.php:34
Stack trace:
#0 {main}
  thrown in /home/lidyahkc/dir/richtech.club/admin/admin_withdrawals.php on line 34
